<?xml version="1.0" encoding="UTF-8"?>
<testsuite name="ContainerServiceTest" tests="1" skipped="0" failures="0" errors="0" timestamp="2020-08-09T09:13:24" hostname="COMMONui-MacBookPro.local" time="0.007">
  <properties/>
  <testcase name="getObject_BookService" classname="ContainerServiceTest" time="0.007"/>
  <system-out><![CDATA[]]></system-out>
  <system-err><![CDATA[]]></system-err>
</testsuite>
